<?xml version="1.0" encoding="UTF-8"?>
<!-- Generated by org.testng.reporters.JUnitReportReporter -->
<testsuite hostname="KARTHI" failures="0" tests="1" name="com.rest.api.authentication.OAuth1API" time="1.094" errors="0" timestamp="18 Sep 2022 18:27:16 GMT" skipped="0">
  <testcase classname="com.rest.api.authentication.OAuth1API" name="TwitterStatusAPI_OAuth1_Test" time="1.094"/>
</testsuite> <!-- com.rest.api.authentication.OAuth1API -->
