<?xml version="1.0" encoding="UTF-8"?>
<!-- Generated by org.testng.reporters.JUnitReportReporter -->
<testsuite hostname="KARTHI" failures="0" tests="1" name="com.rest.api.get.GitTestClass" time="0.013" errors="0" timestamp="10 Nov 2022 06:48:18 GMT" skipped="0">
  <testcase classname="com.rest.api.get.GitTestClass" name="testGit" time="0.013"/>
</testsuite> <!-- com.rest.api.get.GitTestClass -->
