<?xml version="1.0" encoding="UTF-8"?>
<!-- Generated by org.testng.reporters.JUnitReportReporter -->
<testsuite hostname="KARTHI" failures="0" tests="1" name="com.rest.api.get.GetUserResponseXml" time="1.534" errors="0" timestamp="22 Sep 2022 23:00:37 GMT" skipped="0">
  <testcase classname="com.rest.api.get.GetUserResponseXml" name="gerUser_Response_XML_Test" time="1.534"/>
</testsuite> <!-- com.rest.api.get.GetUserResponseXml -->
