<?xml version="1.0" encoding="UTF-8"?>
<!-- Generated by org.testng.reporters.JUnitReportReporter -->
<testsuite hostname="KARTHI" failures="0" tests="1" name="HttpClientAPIs.BasicAuthHandle" time="0.362" errors="0" timestamp="11 Oct 2022 06:09:39 GMT" skipped="0">
  <testcase classname="HttpClientAPIs.BasicAuthHandle" name="basicAuthHandleTest" time="0.362"/>
</testsuite> <!-- HttpClientAPIs.BasicAuthHandle -->
