<?xml version="1.0" encoding="UTF-8"?>
<!-- Generated by org.testng.reporters.JUnitReportReporter -->
<testsuite hostname="KARTHI" failures="0" tests="7" name="com.rest.api.authentication.AuthApis" time="3.087" errors="0" timestamp="04 Nov 2022 06:10:13 GMT" skipped="0">
  <testcase classname="com.rest.api.authentication.AuthApis" name="basic_digest_Auth_Api_Test" time="0.205"/>
  <testcase classname="com.rest.api.authentication.AuthApis" name="basic_preemitive_Auth_Api_Test" time="0.148"/>
  <testcase classname="com.rest.api.authentication.AuthApis" name="OAuth_API_WithTwoQueryParams_API_Test" time="0.538"/>
  <testcase classname="com.rest.api.authentication.AuthApis" name="basic_Auth_Api_Test" time="0.315"/>
  <testcase classname="com.rest.api.authentication.AuthApis" name="OAuth_API_Test_With_AuthHeader" time="0.125"/>
  <testcase classname="com.rest.api.authentication.AuthApis" name="basic_form_auth_API_Test" time="0.847"/>
  <testcase classname="com.rest.api.authentication.AuthApis" name="OAuth_API_Test" time="0.909"/>
</testsuite> <!-- com.rest.api.authentication.AuthApis -->
