<?xml version="1.0" encoding="UTF-8"?>
<!-- Generated by org.testng.reporters.JUnitReportReporter -->
<testsuite hostname="KARTHI" failures="0" tests="8" name="com.rest.api.get.GetBDDApi" time="6.178" errors="0" timestamp="09 Sep 2022 19:53:44 GMT" skipped="0">
  <testcase classname="com.rest.api.get.GetBDDApi" name="getAPICiruitTest_3" time="1.618"/>
  <testcase classname="com.rest.api.get.GetBDDApi" name="numberOfCircuitYearTest" time="1.309"/>
  <testcase classname="com.rest.api.get.GetBDDApi" name="numberOfCircuitYearTest" time="0.583"/>
  <testcase classname="com.rest.api.get.GetBDDApi" name="getAPITest_2" time="0.583"/>
  <testcase classname="com.rest.api.get.GetBDDApi" name="getJSONAPI_VerifyMD5Value" time="0.326"/>
  <testcase classname="com.rest.api.get.GetBDDApi" name="numberOfCircuitYearTest" time="0.681"/>
  <testcase classname="com.rest.api.get.GetBDDApi" name="getJSONAPI_VerifyMD5ValueWithParam" time="0.104"/>
  <testcase classname="com.rest.api.get.GetBDDApi" name="getAPITest_1" time="0.974"/>
</testsuite> <!-- com.rest.api.get.GetBDDApi -->
