<?xml version="1.0" encoding="UTF-8"?>
<!-- Generated by org.testng.reporters.JUnitReportReporter -->
<testsuite hostname="KARTHI" failures="0" tests="1" name="HttpClientAPIs.GetUserAPI" time="1.162" errors="0" timestamp="11 Oct 2022 04:50:04 GMT" skipped="0">
  <testcase classname="HttpClientAPIs.GetUserAPI" name="getUserTest" time="1.162"/>
</testsuite> <!-- HttpClientAPIs.GetUserAPI -->
