<?xml version="1.0" encoding="UTF-8"?>
<!-- Generated by org.testng.reporters.JUnitReportReporter -->
<testsuite hostname="KARTHI" failures="0" tests="1" name="HttpClientAPIs.POSTUserAPI" time="1.309" errors="0" timestamp="11 Oct 2022 07:03:47 GMT" skipped="0">
  <testcase classname="HttpClientAPIs.POSTUserAPI" name="createUserAPITest" time="1.309"/>
</testsuite> <!-- HttpClientAPIs.POSTUserAPI -->
