<?xml version="1.0" encoding="UTF-8"?>
<!-- Generated by org.testng.reporters.JUnitReportReporter -->
<testsuite hostname="KARTHI" failures="0" tests="1" name="com.rest.api.put.PUTApiTest" time="5.226" errors="0" timestamp="24 Oct 2022 19:37:00 GMT" skipped="0">
  <testcase classname="com.rest.api.put.PUTApiTest" name="updateUser_POST_Api_Test" time="5.226"/>
</testsuite> <!-- com.rest.api.put.PUTApiTest -->
