<?xml version="1.0" encoding="UTF-8"?>
<!-- Generated by org.testng.reporters.JUnitReportReporter -->
<testsuite hostname="KARTHI" failures="0" tests="1" name="com.rest.api.delete.DeleteAPITest" time="2.926" errors="0" timestamp="21 Sep 2022 22:23:06 GMT" skipped="0">
  <testcase classname="com.rest.api.delete.DeleteAPITest" name="delete_user_API_Test" time="2.926"/>
</testsuite> <!-- com.rest.api.delete.DeleteAPITest -->
