<?xml version="1.0" encoding="UTF-8"?>
<!-- Generated by org.testng.reporters.JUnitReportReporter -->
<testsuite hostname="KARTHI" failures="0" tests="1" name="com.rest.api.post.POSTAPIBDD" time="2.176" errors="0" timestamp="18 Sep 2022 22:44:47 GMT" skipped="0">
  <testcase classname="com.rest.api.post.POSTAPIBDD" name="createUser_Post_API_JSON_File_Test" time="2.176"/>
</testsuite> <!-- com.rest.api.post.POSTAPIBDD -->
