<?xml version="1.0" encoding="UTF-8"?>
<!-- Generated by org.testng.reporters.JUnitReportReporter -->
<testsuite hostname="KARTHI" failures="0" tests="2" name="com.rest.api.authentication.OAuth2APITest" time="1.511" errors="0" timestamp="26 Oct 2022 02:20:53 GMT" skipped="0">
  <testcase classname="com.rest.api.authentication.OAuth2APITest" name="getOAuth2TokenTest" time="0.642"/>
  <testcase classname="com.rest.api.authentication.OAuth2APITest" name="checkOAuth2_API_Test" time="0.869"/>
</testsuite> <!-- com.rest.api.authentication.OAuth2APITest -->
