<?xml version="1.0" encoding="UTF-8"?>
<!-- Generated by org.testng.reporters.JUnitReportReporter -->
<testsuite hostname="KARTHI" failures="0" tests="1" name="com.rest.api.post.POSTAPIWIthPOJO" time="1.681" errors="0" timestamp="21 Sep 2022 16:29:44 GMT" skipped="0">
  <testcase classname="com.rest.api.post.POSTAPIWIthPOJO" name="create_With_Pojo_Test" time="1.681"/>
</testsuite> <!-- com.rest.api.post.POSTAPIWIthPOJO -->
